<?xml version="1.0" encoding="UTF-8"?>
<!-- Generated by org.testng.reporters.JUnitReportReporter -->
<testsuite skipped="0" hostname="Prime" name="TestsPackage.LoginTests" tests="1" failures="0" timestamp="26 Jun 2018 18:02:11 GMT" time="25.009" errors="0">
  <testcase name="testInstance" time="25.009" classname="TestsPackage.LoginTests"/>
</testsuite> <!-- TestsPackage.LoginTests -->
