<?xml version="1.0" encoding="UTF-8"?>
<!-- Generated by org.testng.reporters.JUnitReportReporter -->
<testsuite skipped="0" hostname="Prime" name="TestsPackage.TestInstantiation" tests="1" failures="0" timestamp="27 Jun 2018 21:05:27 GMT" time="80.512" errors="0">
  <testcase name="testInstance" time="80.512" classname="TestsPackage.TestInstantiation"/>
</testsuite> <!-- TestsPackage.TestInstantiation -->
